#
# There is insufficient memory for the Java Runtime Environment to continue.
# Native memory allocation (malloc) failed to allocate 468744 bytes for Chunk::new
# Possible reasons:
#   The system is out of physical RAM or swap space
#   In 32 bit mode, the process size limit was hit
# Possible solutions:
#   Reduce memory load on the system
#   Increase physical memory or swap space
#   Check if swap backing store is full
#   Use 64 bit Java on a 64 bit OS
#   Decrease Java heap size (-Xmx/-Xms)
#   Decrease number of Java threads
#   Decrease Java thread stack sizes (-Xss)
#   Set larger code cache with -XX:ReservedCodeCacheSize=
# This output file may be truncated or incomplete.
#
#  Out of Memory Error (allocation.cpp:325), pid=19308, tid=2375023424
#
# JRE version: 7.0_01-b08
# Java VM: Java HotSpot(TM) Server VM (21.1-b02 mixed mode linux-x86 )
# Failed to write core dump. Core dumps have been disabled. To enable core dumping, try "ulimit -c unlimited" before starting Java again
#

---------------  T H R E A D  ---------------

Current thread (0xb75ff800):  JavaThread "C2 CompilerThread1" daemon [_thread_in_native, id=19328, stack(0x8d87f000,0x8d900000)]

Stack: [0x8d87f000,0x8d900000],  sp=0x8d8fd720,  free space=505k
Native frames: (J=compiled Java code, j=interpreted, Vv=VM code, C=native code)
V  [libjvm.so+0x6dc989]  VMError::report_and_die()+0x199
V  [libjvm.so+0x2cf62e]  report_vm_out_of_memory(char const*, int, unsigned int, char const*)+0x4e
V  [libjvm.so+0x13eecd]  Chunk::operator new(unsigned int, unsigned int)+0x10d
V  [libjvm.so+0x13ef09]  Arena::grow(unsigned int)+0x29
V  [libjvm.so+0x610ef4]  resource_allocate_bytes(unsigned int)+0x64
V  [libjvm.so+0x322573]  PhaseIdealLoop::Dominators()+0x63
V  [libjvm.so+0x503275]  PhaseIdealLoop::build_and_optimize(bool)+0x3e5
V  [libjvm.so+0x28d5a7]  Compile::Optimize()+0xae7
V  [libjvm.so+0x28e2e3]  Compile::Compile(ciEnv*, C2Compiler*, ciMethod*, int, bool, bool)+0xb83
V  [libjvm.so+0x20c026]  C2Compiler::compile_method(ciEnv*, ciMethod*, int)+0x176
V  [libjvm.so+0x293564]  CompileBroker::invoke_compiler_on_method(CompileTask*)+0x304
V  [libjvm.so+0x293e87]  CompileBroker::compiler_thread_loop()+0x417
V  [libjvm.so+0x69a848]  compiler_thread_entry(JavaThread*, Thread*)+0x18
V  [libjvm.so+0x6a1088]  JavaThread::run()+0x178
V  [libjvm.so+0x5a2821]  java_start(Thread*)+0x111
C  [libpthread.so.0+0x6d4c]  start_thread+0xcc


Current CompileTask:
C2:  13170  305             org.codehaus.plexus.interpolation.StringSearchInterpolator::interpolate (649 bytes)


---------------  P R O C E S S  ---------------

Java Threads: ( => current thread )
  0x8ce46c00 JavaThread "process reaper" daemon [_thread_blocked, id=19333, stack(0x8d7ee000,0x8d7fd000)]
  0x8d6d7400 JavaThread "com.google.common.base.internal.Finalizer" daemon [_thread_blocked, id=19331, stack(0x8da2e000,0x8da7f000)]
  0x8d901400 JavaThread "Service Thread" daemon [_thread_blocked, id=19329, stack(0x8e22e000,0x8e27f000)]
=>0xb75ff800 JavaThread "C2 CompilerThread1" daemon [_thread_in_native, id=19328, stack(0x8d87f000,0x8d900000)]
  0xb75fd800 JavaThread "C2 CompilerThread0" daemon [_thread_blocked, id=19327, stack(0x8da7f000,0x8db00000)]
  0xb75fbc00 JavaThread "Signal Dispatcher" daemon [_thread_blocked, id=19326, stack(0x8e42e000,0x8e47f000)]
  0xb75c3000 JavaThread "Finalizer" daemon [_thread_blocked, id=19325, stack(0x8e60f000,0x8e660000)]
  0xb75c1000 JavaThread "Reference Handler" daemon [_thread_blocked, id=19324, stack(0x8de24000,0x8de75000)]
  0xb7505000 JavaThread "main" [_thread_in_native, id=19319, stack(0xb76b9000,0xb770a000)]

Other Threads:
  0xb75bb800 VMThread [stack: 0x8de75000,0x8def6000] [id=19323]
  0x8d903800 WatcherThread [stack: 0x8d7fe000,0x8d87f000] [id=19330]

VM state:not at safepoint (normal execution)

VM Mutex/Monitor currently owned by a thread: None

Heap
 PSYoungGen      total 38080K, used 16774K [0xa9030000, 0xab990000, 0xb4430000)
  eden space 34304K, 37% used [0xa9030000,0xa9ce3000,0xab1b0000)
  from space 3776K, 99% used [0xab1b0000,0xab55ea90,0xab560000)
  to   space 3264K, 0% used [0xab560000,0xab560000,0xab890000)
 PSOldGen        total 23040K, used 5186K [0x92830000, 0x93eb0000, 0xa9030000)
  object space 23040K, 22% used [0x92830000,0x92d40980,0x93eb0000)
 PSPermGen       total 16384K, used 9133K [0x8e830000, 0x8f830000, 0x92830000)
  object space 16384K, 55% used [0x8e830000,0x8f11b6f8,0x8f830000)

Code Cache  [0xb44f8000, 0xb4738000, 0xb74f8000)
 total_blobs=441 nmethods=307 adapters=86 free_code_cache=48234Kb largest_free_block=49245504

Dynamic libraries:
00110000-00117000 r-xp 00000000 08:01 10747      /lib/i386-linux-gnu/librt-2.15.so
00117000-00118000 r--p 00006000 08:01 10747      /lib/i386-linux-gnu/librt-2.15.so
00118000-00119000 rw-p 00007000 08:01 10747      /lib/i386-linux-gnu/librt-2.15.so
00119000-00125000 r-xp 00000000 08:01 181075     /usr/lib/jvm/jdk1.7.0_01/jre/lib/i386/libverify.so
00125000-00126000 rw-p 0000c000 08:01 181075     /usr/lib/jvm/jdk1.7.0_01/jre/lib/i386/libverify.so
00126000-0012d000 r-xp 00000000 08:01 6069       /lib/i386-linux-gnu/libnss_compat-2.15.so
0012d000-0012e000 r--p 00006000 08:01 6069       /lib/i386-linux-gnu/libnss_compat-2.15.so
0012e000-0012f000 rw-p 00007000 08:01 6069       /lib/i386-linux-gnu/libnss_compat-2.15.so
0012f000-0013a000 r-xp 00000000 08:01 6071       /lib/i386-linux-gnu/libnss_files-2.15.so
0013a000-0013b000 r--p 0000a000 08:01 6071       /lib/i386-linux-gnu/libnss_files-2.15.so
0013b000-0013c000 rw-p 0000b000 08:01 6071       /lib/i386-linux-gnu/libnss_files-2.15.so
0013c000-00153000 r-xp 00000000 08:01 181122     /usr/lib/jvm/jdk1.7.0_01/jre/lib/i386/libzip.so
00153000-00154000 rw-p 00017000 08:01 181122     /usr/lib/jvm/jdk1.7.0_01/jre/lib/i386/libzip.so
00189000-001a0000 r-xp 00000000 08:01 10751      /lib/i386-linux-gnu/libpthread-2.15.so
001a0000-001a1000 r--p 00016000 08:01 10751      /lib/i386-linux-gnu/libpthread-2.15.so
001a1000-001a2000 rw-p 00017000 08:01 10751      /lib/i386-linux-gnu/libpthread-2.15.so
001a2000-001a4000 rw-p 00000000 00:00 0 
001ec000-0020c000 r-xp 00000000 08:01 12110      /lib/i386-linux-gnu/ld-2.15.so
0020c000-0020d000 r--p 0001f000 08:01 12110      /lib/i386-linux-gnu/ld-2.15.so
0020d000-0020e000 rw-p 00020000 08:01 12110      /lib/i386-linux-gnu/ld-2.15.so
00304000-00327000 r-xp 00000000 08:01 181092     /usr/lib/jvm/jdk1.7.0_01/jre/lib/i386/libjava.so
00327000-00328000 rw-p 00022000 08:01 181092     /usr/lib/jvm/jdk1.7.0_01/jre/lib/i386/libjava.so
00479000-0048c000 r-xp 00000000 08:01 181096     /usr/lib/jvm/jdk1.7.0_01/jre/lib/i386/jli/libjli.so
0048c000-0048d000 rw-p 00012000 08:01 181096     /usr/lib/jvm/jdk1.7.0_01/jre/lib/i386/jli/libjli.so
0053c000-0053d000 r-xp 00000000 00:00 0          [vdso]
00641000-00655000 r-xp 00000000 08:01 181105     /usr/lib/jvm/jdk1.7.0_01/jre/lib/i386/libnet.so
00655000-00656000 rw-p 00014000 08:01 181105     /usr/lib/jvm/jdk1.7.0_01/jre/lib/i386/libnet.so
0072a000-00754000 r-xp 00000000 08:01 12109      /lib/i386-linux-gnu/libm-2.15.so
00754000-00755000 r--p 00029000 08:01 12109      /lib/i386-linux-gnu/libm-2.15.so
00755000-00756000 rw-p 0002a000 08:01 12109      /lib/i386-linux-gnu/libm-2.15.so
00831000-00847000 r-xp 00000000 08:01 12386      /lib/i386-linux-gnu/libnsl-2.15.so
00847000-00848000 r--p 00015000 08:01 12386      /lib/i386-linux-gnu/libnsl-2.15.so
00848000-00849000 rw-p 00016000 08:01 12386      /lib/i386-linux-gnu/libnsl-2.15.so
00849000-0084b000 rw-p 00000000 00:00 0 
00912000-00ab5000 r-xp 00000000 08:01 885        /lib/i386-linux-gnu/libc-2.15.so
00ab5000-00ab7000 r--p 001a3000 08:01 885        /lib/i386-linux-gnu/libc-2.15.so
00ab7000-00ab8000 rw-p 001a5000 08:01 885        /lib/i386-linux-gnu/libc-2.15.so
00ab8000-00abb000 rw-p 00000000 00:00 0 
00c34000-00c42000 r-xp 00000000 08:01 181110     /usr/lib/jvm/jdk1.7.0_01/jre/lib/i386/libnio.so
00c42000-00c43000 rw-p 0000e000 08:01 181110     /usr/lib/jvm/jdk1.7.0_01/jre/lib/i386/libnio.so
00ce9000-00cf3000 r-xp 00000000 08:01 10749      /lib/i386-linux-gnu/libnss_nis-2.15.so
00cf3000-00cf4000 r--p 00009000 08:01 10749      /lib/i386-linux-gnu/libnss_nis-2.15.so
00cf4000-00cf5000 rw-p 0000a000 08:01 10749      /lib/i386-linux-gnu/libnss_nis-2.15.so
00dce000-00dd1000 r-xp 00000000 08:01 12168      /lib/i386-linux-gnu/libdl-2.15.so
00dd1000-00dd2000 r--p 00002000 08:01 12168      /lib/i386-linux-gnu/libdl-2.15.so
00dd2000-00dd3000 rw-p 00003000 08:01 12168      /lib/i386-linux-gnu/libdl-2.15.so
00dd3000-01537000 r-xp 00000000 08:01 181121     /usr/lib/jvm/jdk1.7.0_01/jre/lib/i386/server/libjvm.so
01537000-01582000 rw-p 00763000 08:01 181121     /usr/lib/jvm/jdk1.7.0_01/jre/lib/i386/server/libjvm.so
01582000-019a1000 rw-p 00000000 00:00 0 
08048000-08049000 r-xp 00000000 08:01 538868     /usr/lib/jvm/jdk1.7.0_01/bin/java
08049000-0804a000 rw-p 00000000 08:01 538868     /usr/lib/jvm/jdk1.7.0_01/bin/java
09d5f000-09d84000 rw-p 00000000 00:00 0          [heap]
8c200000-8c397000 rw-p 00000000 00:00 0 
8c397000-8c400000 ---p 00000000 00:00 0 
8c400000-8c4fc000 rw-p 00000000 00:00 0 
8c4fc000-8c500000 ---p 00000000 00:00 0 
8c600000-8c625000 rw-p 00000000 00:00 0 
8c625000-8c700000 ---p 00000000 00:00 0 
8c800000-8c8fd000 rw-p 00000000 00:00 0 
8c8fd000-8c900000 ---p 00000000 00:00 0 
8c900000-8c9fe000 rw-p 00000000 00:00 0 
8c9fe000-8ca00000 ---p 00000000 00:00 0 
8ca00000-8cb00000 rw-p 00000000 00:00 0 
8cc00000-8cce9000 rw-p 00000000 00:00 0 
8cce9000-8cd00000 ---p 00000000 00:00 0 
8cd00000-8cdff000 rw-p 00000000 00:00 0 
8cdff000-8ce00000 ---p 00000000 00:00 0 
8ce00000-8cf00000 rw-p 00000000 00:00 0 
8cf00000-8cffb000 rw-p 00000000 00:00 0 
8cffb000-8d000000 ---p 00000000 00:00 0 
8d000000-8d100000 rw-p 00000000 00:00 0 
8d162000-8d166000 r--s 00088000 08:01 437264     /usr/lib/jvm/jdk1.7.0_01/jre/lib/jsse.jar
8d200000-8d2fd000 rw-p 00000000 00:00 0 
8d2fd000-8d300000 ---p 00000000 00:00 0 
8d300000-8d3fc000 rw-p 00000000 00:00 0 
8d3fc000-8d400000 ---p 00000000 00:00 0 
8d400000-8d4f7000 rw-p 00000000 00:00 0 
8d4f7000-8d500000 ---p 00000000 00:00 0 
8d500000-8d5fc000 rw-p 00000000 00:00 0 
8d5fc000-8d600000 ---p 00000000 00:00 0 
8d600000-8d6fa000 rw-p 00000000 00:00 0 
8d6fa000-8d700000 ---p 00000000 00:00 0 
8d7ee000-8d7f1000 ---p 00000000 00:00 0 
8d7f1000-8d7fd000 rw-p 00000000 00:00 0 
8d7fd000-8d7fe000 r--p 00000000 00:00 0 
8d7fe000-8d7ff000 ---p 00000000 00:00 0 
8d7ff000-8d87f000 rw-p 00000000 00:00 0 
8d87f000-8d882000 ---p 00000000 00:00 0 
8d882000-8d900000 rw-p 00000000 00:00 0 
8d900000-8d9fe000 rw-p 00000000 00:00 0 
8d9fe000-8da00000 ---p 00000000 00:00 0 
8da2e000-8da31000 ---p 00000000 00:00 0 
8da31000-8da7f000 rw-p 00000000 00:00 0 
8da7f000-8da82000 ---p 00000000 00:00 0 
8da82000-8db00000 rw-p 00000000 00:00 0 
8db00000-8dd00000 r--p 00000000 08:01 134068     /usr/lib/locale/locale-archive
8dd00000-8dd21000 rw-p 00000000 00:00 0 
8dd21000-8de00000 ---p 00000000 00:00 0 
8de24000-8de27000 ---p 00000000 00:00 0 
8de27000-8de75000 rw-p 00000000 00:00 0 
8de75000-8de76000 ---p 00000000 00:00 0 
8de76000-8df41000 rw-p 00000000 00:00 0 
8df41000-8e100000 r--s 039fc000 08:01 436466     /usr/lib/jvm/jdk1.7.0_01/jre/lib/rt.jar
8e100000-8e121000 rw-p 00000000 00:00 0 
8e121000-8e200000 ---p 00000000 00:00 0 
8e200000-8e20c000 r--s 00082000 08:01 665971     /usr/share/maven-repo/org/sonatype/sisu/sisu-guice/3.1.0/sisu-guice-3.1.0.jar
8e20c000-8e20e000 r--s 0000a000 08:01 941404     /usr/share/maven/lib/maven-artifact-3.0.4.jar
8e20e000-8e210000 r--s 00006000 08:01 941050     /usr/share/maven-repo/org/sonatype/aether/aether-connector-wagon/1.13.1/aether-connector-wagon-1.13.1.jar
8e210000-8e212000 r--s 00000000 08:01 445807     /usr/share/java/plexus-component-annotations-1.5-1.5.5.jar
8e212000-8e214000 r--s 00002000 08:01 542528     /usr/share/maven-repo/org/sonatype/plexus/plexus-cipher/1.5/plexus-cipher-1.5.jar
8e214000-8e217000 r--s 0001d000 08:01 941044     /usr/share/maven-repo/org/sonatype/aether/aether-impl/1.13.1/aether-impl-1.13.1.jar
8e217000-8e22e000 r--s 000de000 08:01 445826     /usr/share/java/guava-r09.jar
8e22e000-8e231000 ---p 00000000 00:00 0 
8e231000-8e27f000 rw-p 00000000 00:00 0 
8e27f000-8e280000 ---p 00000000 00:00 0 
8e280000-8e300000 rw-p 00000000 00:00 0 
8e300000-8e3f1000 rw-p 00000000 00:00 0 
8e3f1000-8e400000 ---p 00000000 00:00 0 
8e402000-8e404000 r--s 00007000 08:01 445233     /usr/share/java/commons-cli-1.2.jar
8e404000-8e40a000 r--s 0002c000 08:01 445856     /usr/share/java/sisu-inject-plexus.jar
8e40a000-8e40c000 r--s 00008000 08:01 941407     /usr/share/maven/lib/maven-embedder-3.0.4.jar
8e40c000-8e410000 r--s 0001c000 08:01 542619     /usr/share/maven-repo/org/sonatype/aether/aether-util/1.13.1/aether-util-1.13.1.jar
8e410000-8e414000 r--s 00033000 08:01 445804     /usr/share/java/plexus-utils2-2.0.5.jar
8e414000-8e416000 r--s 00003000 08:01 445240     /usr/share/java/jsr305-0.1~+svn49.jar
8e416000-8e41d000 r--s 00040000 08:01 445846     /usr/share/java/sisu-inject-bean.jar
8e41d000-8e41f000 r--s 00007000 08:01 941412     /usr/share/maven/lib/maven-settings-builder-3.0.4.jar
8e41f000-8e420000 r--s 00006000 08:01 921112     /usr/share/maven-repo/org/sonatype/plexus/plexus-sec-dispatcher/1.3.1/plexus-sec-dispatcher-1.3.1.jar
8e420000-8e42c000 r--s 0007c000 08:01 941406     /usr/share/maven/lib/maven-core-3.0.4.jar
8e42c000-8e42e000 r--s 0000b000 08:01 941403     /usr/share/maven/lib/maven-aether-provider-3.0.4.jar
8e42e000-8e431000 ---p 00000000 00:00 0 
8e431000-8e47f000 rw-p 00000000 00:00 0 
8e47f000-8e480000 ---p 00000000 00:00 0 
8e480000-8e500000 rw-p 00000000 00:00 0 
8e500000-8e5fb000 rw-p 00000000 00:00 0 
8e5fb000-8e600000 ---p 00000000 00:00 0 
8e600000-8e601000 r--s 00001000 08:01 445698     /usr/share/java/wagon-http.jar
8e601000-8e605000 r--s 00020000 08:01 941408     /usr/share/maven/lib/maven-model-builder-3.0.4.jar
8e605000-8e607000 r--s 00025000 08:01 941409     /usr/share/maven/lib/maven-model-3.0.4.jar
8e607000-8e609000 r--s 0000a000 08:01 445691     /usr/share/java/wagon-provider-api.jar
8e609000-8e60f000 r--s 0003e000 08:01 941405     /usr/share/maven/lib/maven-compat-3.0.4.jar
8e60f000-8e612000 ---p 00000000 00:00 0 
8e612000-8e660000 rw-p 00000000 00:00 0 
8e660000-8e661000 ---p 00000000 00:00 0 
8e661000-8e6e9000 rw-p 00000000 00:00 0 
8e6e9000-8e701000 rw-p 00000000 00:00 0 
8e701000-8e709000 rw-p 00000000 00:00 0 
8e709000-8e721000 rw-p 00000000 00:00 0 
8e721000-8e72d000 rw-p 00000000 00:00 0 
8e72d000-8e7d5000 rw-p 00000000 00:00 0 
8e7d5000-8e7ea000 rw-p 00000000 00:00 0 
8e7ea000-8e82f000 rw-p 00000000 00:00 0 
8e82f000-8f830000 rw-p 00000000 00:00 0 
8f830000-92830000 rw-p 00000000 00:00 0 
92830000-93eb0000 rw-p 00000000 00:00 0 
93eb0000-a9030000 rw-p 00000000 00:00 0 
a9030000-ab990000 rw-p 00000000 00:00 0 
adcd0000-b4430000 rw-p 00000000 00:00 0 
b4431000-b4434000 r--s 00013000 08:01 941032     /usr/share/maven-repo/org/sonatype/aether/aether-api/1.13.1/aether-api-1.13.1.jar
b4434000-b4436000 r--s 00009000 08:01 941413     /usr/share/maven/lib/maven-settings-3.0.4.jar
b4436000-b4437000 r--s 00001000 08:01 445693     /usr/share/java/wagon-file.jar
b4437000-b4438000 r--s 00004000 08:01 445695     /usr/share/java/wagon-http-shared.jar
b4438000-b4441000 rw-p 00000000 00:00 0 
b4441000-b44f8000 rw-p 00000000 00:00 0 
b44f8000-b4738000 rwxp 00000000 00:00 0 
b4738000-b74f8000 rw-p 00000000 00:00 0 
b74f8000-b7500000 rw-s 00000000 08:01 530205     /tmp/hsperfdata_danny/19308
b7500000-b7600000 rw-p 00000000 00:00 0 
b7600000-b7601000 r--s 00003000 08:01 941027     /usr/share/maven-repo/org/sonatype/aether/aether-spi/1.13.1/aether-spi-1.13.1.jar
b7601000-b7603000 r--s 0000b000 08:01 542374     /usr/share/maven-repo/org/codehaus/plexus/plexus-interpolation/1.11/plexus-interpolation-1.11.jar
b7603000-b7605000 r--s 00005000 08:01 941411     /usr/share/maven/lib/maven-repository-metadata-3.0.4.jar
b7605000-b7611000 rw-p 00000000 00:00 0 
b7611000-b76b9000 rw-p 00000000 00:00 0 
b76b9000-b76bc000 ---p 00000000 00:00 0 
b76bc000-b770c000 rw-p 00000000 00:00 0 
b770c000-b770e000 r--s 0000c000 08:01 444995     /usr/share/java/commons-logging-1.1.1.jar
b770e000-b7711000 r--s 00011000 08:01 445311     /usr/share/java/commons-codec-1.5.jar
b7711000-b7717000 r--s 00045000 08:01 445602     /usr/share/java/commons-httpclient-3.1.jar
b7717000-b7719000 r--s 00009000 08:01 941410     /usr/share/maven/lib/maven-plugin-api-3.0.4.jar
b7719000-b771b000 r--s 0000a000 08:01 445188     /usr/share/java/plexus-classworlds2-2.4.jar
b771b000-b771c000 r--p 002c5000 08:01 134068     /usr/lib/locale/locale-archive
b771c000-b771d000 rw-p 00000000 00:00 0 
b771d000-b771e000 r--p 00000000 00:00 0 
b771e000-b7720000 rw-p 00000000 00:00 0 
bf97d000-bf99e000 rw-p 00000000 00:00 0          [stack]

VM Arguments:
jvm_args: -Dclassworlds.conf=/usr/share/maven/bin/m2.conf -Dmaven.home=/usr/share/maven 
java_command: org.codehaus.plexus.classworlds.launcher.Launcher clean install
Launcher Type: SUN_STANDARD

Environment Variables:
JAVA_HOME=/usr/lib/jvm/jdk1.7.0_01/
PATH=/usr/lib/lightdm/lightdm:/usr/local/sbin:/usr/local/bin:/usr/sbin:/usr/bin:/sbin:/bin:/usr/games
SHELL=/bin/bash
DISPLAY=:0

Signal Handlers:
SIGSEGV: [libjvm.so+0x6dd4d0], sa_mask[0]=0x7ffbfeff, sa_flags=0x10000004
SIGBUS: [libjvm.so+0x6dd4d0], sa_mask[0]=0x7ffbfeff, sa_flags=0x10000004
SIGFPE: [libjvm.so+0x59dae0], sa_mask[0]=0x7ffbfeff, sa_flags=0x10000004
SIGPIPE: [libjvm.so+0x59dae0], sa_mask[0]=0x7ffbfeff, sa_flags=0x10000004
SIGXFSZ: [libjvm.so+0x59dae0], sa_mask[0]=0x7ffbfeff, sa_flags=0x10000004
SIGILL: [libjvm.so+0x59dae0], sa_mask[0]=0x7ffbfeff, sa_flags=0x10000004
SIGUSR1: SIG_DFL, sa_mask[0]=0x00000000, sa_flags=0x00000000
SIGUSR2: [libjvm.so+0x59d3e0], sa_mask[0]=0x00000000, sa_flags=0x10000004
SIGHUP: [libjvm.so+0x59faf0], sa_mask[0]=0x7ffbfeff, sa_flags=0x10000004
SIGINT: [libjvm.so+0x59faf0], sa_mask[0]=0x7ffbfeff, sa_flags=0x10000004
SIGTERM: [libjvm.so+0x59faf0], sa_mask[0]=0x7ffbfeff, sa_flags=0x10000004
SIGQUIT: [libjvm.so+0x59faf0], sa_mask[0]=0x7ffbfeff, sa_flags=0x10000004


---------------  S Y S T E M  ---------------

OS:wheezy/sid

uname:Linux 3.2.0-52-generic #78-Ubuntu SMP Fri Jul 26 16:23:24 UTC 2013 i686
libc:glibc 2.15 NPTL 2.15 
rlimit: STACK 8192k, CORE 0k, NPROC 17160, NOFILE 4096, AS infinity
load average:2.46 1.72 1.71

/proc/meminfo:
MemTotal:        2211176 kB
MemFree:          100744 kB
Buffers:            1980 kB
Cached:            34192 kB
SwapCached:            0 kB
Active:          1989560 kB
Inactive:          19156 kB
Active(anon):    1973656 kB
Inactive(anon):     6952 kB
Active(file):      15904 kB
Inactive(file):    12204 kB
Unevictable:          76 kB
Mlocked:              76 kB
HighTotal:       1339272 kB
HighFree:           3832 kB
LowTotal:         871904 kB
LowFree:           96912 kB
SwapTotal:             0 kB
SwapFree:              0 kB
Dirty:                96 kB
Writeback:             0 kB
AnonPages:       1972880 kB
Mapped:            26824 kB
Shmem:              7804 kB
Slab:              40100 kB
SReclaimable:      18232 kB
SUnreclaim:        21868 kB
KernelStack:        4888 kB
PageTables:        16740 kB
NFS_Unstable:          0 kB
Bounce:                0 kB
WritebackTmp:          0 kB
CommitLimit:     1105588 kB
Committed_AS:    5611920 kB
VmallocTotal:     122880 kB
VmallocUsed:       31072 kB
VmallocChunk:      90120 kB
HardwareCorrupted:     0 kB
AnonHugePages:         0 kB
HugePages_Total:       0
HugePages_Free:        0
HugePages_Rsvd:        0
HugePages_Surp:        0
Hugepagesize:       4096 kB
DirectMap4k:       32760 kB
DirectMap4M:      876544 kB


CPU:total 3 (1 cores per cpu, 1 threads per core) family 6 model 58 stepping 9, cmov, cx8, fxsr, mmx, sse, sse2, sse3, ssse3, sse4.1, sse4.2, popcnt

/proc/cpuinfo:
processor	: 0
vendor_id	: GenuineIntel
cpu family	: 6
model		: 58
model name	: Intel(R) Core(TM) i5-3320M CPU @ 2.60GHz
stepping	: 9
microcode	: 0x12
cpu MHz		: 2591.650
cache size	: 3072 KB
fdiv_bug	: no
hlt_bug		: no
f00f_bug	: no
coma_bug	: no
fpu		: yes
fpu_exception	: yes
cpuid level	: 13
wp		: yes
flags		: fpu vme de pse tsc msr pae mce cx8 apic mtrr pge mca cmov pat pse36 clflush dts mmx fxsr sse sse2 ss nx rdtscp lm constant_tsc arch_perfmon pebs bts xtopology tsc_reliable nonstop_tsc aperfmperf pni pclmulqdq ssse3 cx16 sse4_1 sse4_2 popcnt aes xsave avx hypervisor lahf_lm ida arat epb xsaveopt pln pts dtherm
bogomips	: 5183.30
clflush size	: 64
cache_alignment	: 64
address sizes	: 40 bits physical, 48 bits virtual
power management:

processor	: 1
vendor_id	: GenuineIntel
cpu family	: 6
model		: 58
model name	: Intel(R) Core(TM) i5-3320M CPU @ 2.60GHz
stepping	: 9
microcode	: 0x12
cpu MHz		: 2591.650
cache size	: 3072 KB
fdiv_bug	: no
hlt_bug		: no
f00f_bug	: no
coma_bug	: no
fpu		: yes
fpu_exception	: yes
cpuid level	: 13
wp		: yes
flags		: fpu vme de pse tsc msr pae mce cx8 apic mtrr pge mca cmov pat pse36 clflush dts mmx fxsr sse sse2 ss nx rdtscp lm constant_tsc arch_perfmon pebs bts xtopology tsc_reliable nonstop_tsc aperfmperf pni pclmulqdq ssse3 cx16 sse4_1 sse4_2 popcnt aes xsave avx hypervisor lahf_lm ida arat epb xsaveopt pln pts dtherm
bogomips	: 5183.30
clflush size	: 64
cache_alignment	: 64
address sizes	: 40 bits physical, 48 bits virtual
power management:

processor	: 2
vendor_id	: GenuineIntel
cpu family	: 6
model		: 58
model name	: Intel(R) Core(TM) i5-3320M CPU @ 2.60GHz
stepping	: 9
microcode	: 0x12
cpu MHz		: 2591.650
cache size	: 3072 KB
fdiv_bug	: no
hlt_bug		: no
f00f_bug	: no
coma_bug	: no
fpu		: yes
fpu_exception	: yes
cpuid level	: 13
wp		: yes
flags		: fpu vme de pse tsc msr pae mce cx8 apic mtrr pge mca cmov pat pse36 clflush dts mmx fxsr sse sse2 ss nx rdtscp lm constant_tsc arch_perfmon pebs bts xtopology tsc_reliable nonstop_tsc aperfmperf pni pclmulqdq ssse3 cx16 sse4_1 sse4_2 popcnt aes xsave avx hypervisor lahf_lm ida arat epb xsaveopt pln pts dtherm
bogomips	: 5183.30
clflush size	: 64
cache_alignment	: 64
address sizes	: 40 bits physical, 48 bits virtual
power management:



Memory: 4k page, physical 2211176k(100744k free), swap 0k(0k free)

vm_info: Java HotSpot(TM) Server VM (21.1-b02) for linux-x86 JRE (1.7.0_01-b08), built on Oct  3 2011 01:17:58 by "java_re" with gcc 4.3.0 20080428 (Red Hat 4.3.0-8)

time: Sun Oct  6 12:12:15 2013
elapsed time: 13 seconds

